<?xml version="1.0" encoding="UTF-8"?>
<!-- Generated by org.testng.reporters.JUnitReportReporter -->
<testsuite skipped="0" hostname="nicbacic-Inspiron-5557" name="de.letsbuildacompiler.compiler.CompilerTest" tests="37" failures="0" timestamp="09 dez 2018 23:05:48 GMT" time="2.086" errors="0">
  <testcase name="runningCode_outputsExpectedText" time="0.058" classname="de.letsbuildacompiler.compiler.CompilerTest"/>
  <testcase name="runningCode_outputsExpectedText" time="0.061" classname="de.letsbuildacompiler.compiler.CompilerTest"/>
  <testcase name="runningCode_outputsExpectedText" time="0.056" classname="de.letsbuildacompiler.compiler.CompilerTest"/>
  <testcase name="runningCode_outputsExpectedText" time="0.053" classname="de.letsbuildacompiler.compiler.CompilerTest"/>
  <testcase name="runningCode_outputsExpectedText" time="0.053" classname="de.letsbuildacompiler.compiler.CompilerTest"/>
  <testcase name="runningCode_outputsExpectedText" time="0.056" classname="de.letsbuildacompiler.compiler.CompilerTest"/>
  <testcase name="runningCode_outputsExpectedText" time="0.055" classname="de.letsbuildacompiler.compiler.CompilerTest"/>
  <testcase name="compilingCode_throwsUndeclaredVariableException_ifWritingUndefinedVariable" time="0.004" classname="de.letsbuildacompiler.compiler.CompilerTest"/>
  <testcase name="runningCode_outputsExpectedText" time="0.054" classname="de.letsbuildacompiler.compiler.CompilerTest"/>
  <testcase name="runningCode_outputsExpectedText" time="0.055" classname="de.letsbuildacompiler.compiler.CompilerTest"/>
  <testcase name="runningCode_outputsExpectedText" time="0.052" classname="de.letsbuildacompiler.compiler.CompilerTest"/>
  <testcase name="runningCode_outputsExpectedText" time="0.052" classname="de.letsbuildacompiler.compiler.CompilerTest"/>
  <testcase name="compilingCode_throwsVariableAlreadyDefinedException_whenDefiningAlreadyDefinedVariable" time="0.005" classname="de.letsbuildacompiler.compiler.CompilerTest"/>
  <testcase name="runningCode_outputsExpectedText" time="0.056" classname="de.letsbuildacompiler.compiler.CompilerTest"/>
  <testcase name="runningCode_outputsExpectedText" time="0.051" classname="de.letsbuildacompiler.compiler.CompilerTest"/>
  <testcase name="runningCode_outputsExpectedText" time="0.056" classname="de.letsbuildacompiler.compiler.CompilerTest"/>
  <testcase name="runningCode_outputsExpectedText" time="0.053" classname="de.letsbuildacompiler.compiler.CompilerTest"/>
  <testcase name="runningCode_outputsExpectedText" time="0.055" classname="de.letsbuildacompiler.compiler.CompilerTest"/>
  <testcase name="runningCode_outputsExpectedText" time="0.054" classname="de.letsbuildacompiler.compiler.CompilerTest"/>
  <testcase name="runningCode_outputsExpectedText" time="0.055" classname="de.letsbuildacompiler.compiler.CompilerTest"/>
  <testcase name="runningCode_outputsExpectedText" time="0.065" classname="de.letsbuildacompiler.compiler.CompilerTest"/>
  <testcase name="runningCode_outputsExpectedText" time="0.071" classname="de.letsbuildacompiler.compiler.CompilerTest"/>
  <testcase name="runningCode_outputsExpectedText" time="0.158" classname="de.letsbuildacompiler.compiler.CompilerTest"/>
  <testcase name="runningCode_outputsExpectedText" time="0.054" classname="de.letsbuildacompiler.compiler.CompilerTest"/>
  <testcase name="compilingCode_throwsUndeclaredVariableException_ifReadingUndefinedVariable" time="0.082" classname="de.letsbuildacompiler.compiler.CompilerTest"/>
  <testcase name="runningCode_outputsExpectedText" time="0.057" classname="de.letsbuildacompiler.compiler.CompilerTest"/>
  <testcase name="runningCode_outputsExpectedText" time="0.054" classname="de.letsbuildacompiler.compiler.CompilerTest"/>
  <testcase name="runningCode_outputsExpectedText" time="0.062" classname="de.letsbuildacompiler.compiler.CompilerTest"/>
  <testcase name="runningCode_outputsExpectedText" time="0.050" classname="de.letsbuildacompiler.compiler.CompilerTest"/>
  <testcase name="runningCode_outputsExpectedText" time="0.053" classname="de.letsbuildacompiler.compiler.CompilerTest"/>
  <testcase name="runningCode_outputsExpectedText" time="0.066" classname="de.letsbuildacompiler.compiler.CompilerTest"/>
  <testcase name="runningCode_outputsExpectedText" time="0.055" classname="de.letsbuildacompiler.compiler.CompilerTest"/>
  <testcase name="runningCode_outputsExpectedText" time="0.052" classname="de.letsbuildacompiler.compiler.CompilerTest"/>
  <testcase name="runningCode_outputsExpectedText" time="0.049" classname="de.letsbuildacompiler.compiler.CompilerTest"/>
  <testcase name="runningCode_outputsExpectedText" time="0.051" classname="de.letsbuildacompiler.compiler.CompilerTest"/>
  <testcase name="runningCode_outputsExpectedText" time="0.051" classname="de.letsbuildacompiler.compiler.CompilerTest"/>
  <testcase name="runningCode_outputsExpectedText" time="0.062" classname="de.letsbuildacompiler.compiler.CompilerTest"/>
</testsuite> <!-- de.letsbuildacompiler.compiler.CompilerTest -->
